This is pdfTeX, Version 3.14159265-2.6-1.40.21 (TeX Live 2020) (preloaded format=pdflatex 2021.1.28)  28 JAN 2021 06:30
entering extended mode
 restricted \write18 enabled.
 %&-line parsing enabled.
**MedicinalPlantPaper.tex
(./MedicinalPlantPaper.tex
LaTeX2e <2020-10-01> patch level 4
L3 programming layer <2021-01-09> xparse <2020-03-03>
(/Users/thiyangashaminitalagala/Library/TinyTeX/texmf-dist/tex/latex/base/artic
le.cls
Document Class: article 2020/04/10 v1.4m Standard LaTeX document class

(/Users/thiyangashaminitalagala/Library/TinyTeX/texmf-dist/tex/latex/base/size1
1.clo
File: size11.clo 2020/04/10 v1.4m Standard LaTeX file (size option)
)
\c@part=\count177
\c@section=\count178
\c@subsection=\count179
\c@subsubsection=\count180
\c@paragraph=\count181
\c@subparagraph=\count182
\c@figure=\count183
\c@table=\count184
\abovecaptionskip=\skip47
\belowcaptionskip=\skip48
\bibindent=\dimen138
)
(/Users/thiyangashaminitalagala/Library/TinyTeX/texmf-dist/tex/latex/lm/lmodern
.sty
Package: lmodern 2009/10/30 v1.6 Latin Modern Fonts
LaTeX Font Info:    Overwriting symbol font `operators' in version `normal'
(Font)                  OT1/cmr/m/n --> OT1/lmr/m/n on input line 22.
LaTeX Font Info:    Overwriting symbol font `letters' in version `normal'
(Font)                  OML/cmm/m/it --> OML/lmm/m/it on input line 23.
LaTeX Font Info:    Overwriting symbol font `symbols' in version `normal'
(Font)                  OMS/cmsy/m/n --> OMS/lmsy/m/n on input line 24.
LaTeX Font Info:    Overwriting symbol font `largesymbols' in version `normal'
(Font)                  OMX/cmex/m/n --> OMX/lmex/m/n on input line 25.
LaTeX Font Info:    Overwriting symbol font `operators' in version `bold'
(Font)                  OT1/cmr/bx/n --> OT1/lmr/bx/n on input line 26.
LaTeX Font Info:    Overwriting symbol font `letters' in version `bold'
(Font)                  OML/cmm/b/it --> OML/lmm/b/it on input line 27.
LaTeX Font Info:    Overwriting symbol font `symbols' in version `bold'
(Font)                  OMS/cmsy/b/n --> OMS/lmsy/b/n on input line 28.
LaTeX Font Info:    Overwriting symbol font `largesymbols' in version `bold'
(Font)                  OMX/cmex/m/n --> OMX/lmex/m/n on input line 29.
LaTeX Font Info:    Overwriting math alphabet `\mathbf' in version `normal'
(Font)                  OT1/cmr/bx/n --> OT1/lmr/bx/n on input line 31.
LaTeX Font Info:    Overwriting math alphabet `\mathsf' in version `normal'
(Font)                  OT1/cmss/m/n --> OT1/lmss/m/n on input line 32.
LaTeX Font Info:    Overwriting math alphabet `\mathit' in version `normal'
(Font)                  OT1/cmr/m/it --> OT1/lmr/m/it on input line 33.
LaTeX Font Info:    Overwriting math alphabet `\mathtt' in version `normal'
(Font)                  OT1/cmtt/m/n --> OT1/lmtt/m/n on input line 34.
LaTeX Font Info:    Overwriting math alphabet `\mathbf' in version `bold'
(Font)                  OT1/cmr/bx/n --> OT1/lmr/bx/n on input line 35.
LaTeX Font Info:    Overwriting math alphabet `\mathsf' in version `bold'
(Font)                  OT1/cmss/bx/n --> OT1/lmss/bx/n on input line 36.
LaTeX Font Info:    Overwriting math alphabet `\mathit' in version `bold'
(Font)                  OT1/cmr/bx/it --> OT1/lmr/bx/it on input line 37.
LaTeX Font Info:    Overwriting math alphabet `\mathtt' in version `bold'
(Font)                  OT1/cmtt/m/n --> OT1/lmtt/m/n on input line 38.
)
(/Users/thiyangashaminitalagala/Library/TinyTeX/texmf-dist/tex/latex/amsfonts/a
mssymb.sty
Package: amssymb 2013/01/14 v3.01 AMS font symbols

(/Users/thiyangashaminitalagala/Library/TinyTeX/texmf-dist/tex/latex/amsfonts/a
msfonts.sty
Package: amsfonts 2013/01/14 v3.01 Basic AMSFonts support
\@emptytoks=\toks15
\symAMSa=\mathgroup4
\symAMSb=\mathgroup5
LaTeX Font Info:    Redeclaring math symbol \hbar on input line 98.
LaTeX Font Info:    Overwriting math alphabet `\mathfrak' in version `bold'
(Font)                  U/euf/m/n --> U/euf/b/n on input line 106.
))
(/Users/thiyangashaminitalagala/Library/TinyTeX/texmf-dist/tex/latex/amsmath/am
smath.sty
Package: amsmath 2020/09/23 v2.17i AMS math features
\@mathmargin=\skip49
For additional information on amsmath, use the `?' option.

(/Users/thiyangashaminitalagala/Library/TinyTeX/texmf-dist/tex/latex/amsmath/am
stext.sty
Package: amstext 2000/06/29 v2.01 AMS text

(/Users/thiyangashaminitalagala/Library/TinyTeX/texmf-dist/tex/latex/amsmath/am
sgen.sty
File: amsgen.sty 1999/11/30 v2.0 generic functions
\@emptytoks=\toks16
\ex@=\dimen139
))
(/Users/thiyangashaminitalagala/Library/TinyTeX/texmf-dist/tex/latex/amsmath/am
sbsy.sty
Package: amsbsy 1999/11/29 v1.2d Bold Symbols
\pmbraise@=\dimen140
)
(/Users/thiyangashaminitalagala/Library/TinyTeX/texmf-dist/tex/latex/amsmath/am
sopn.sty
Package: amsopn 2016/03/08 v2.02 operator names
)
\inf@bad=\count185
LaTeX Info: Redefining \frac on input line 234.
\uproot@=\count186
\leftroot@=\count187
LaTeX Info: Redefining \overline on input line 399.
\classnum@=\count188
\DOTSCASE@=\count189
LaTeX Info: Redefining \ldots on input line 496.
LaTeX Info: Redefining \dots on input line 499.
LaTeX Info: Redefining \cdots on input line 620.
\Mathstrutbox@=\box47
\strutbox@=\box48
\big@size=\dimen141
LaTeX Font Info:    Redeclaring font encoding OML on input line 743.
LaTeX Font Info:    Redeclaring font encoding OMS on input line 744.
\macc@depth=\count190
\c@MaxMatrixCols=\count191
\dotsspace@=\muskip16
\c@parentequation=\count192
\dspbrk@lvl=\count193
\tag@help=\toks17
\row@=\count194
\column@=\count195
\maxfields@=\count196
\andhelp@=\toks18
\eqnshift@=\dimen142
\alignsep@=\dimen143
\tagshift@=\dimen144
\tagwidth@=\dimen145
\totwidth@=\dimen146
\lineht@=\dimen147
\@envbody=\toks19
\multlinegap=\skip50
\multlinetaggap=\skip51
\mathdisplay@stack=\toks20
LaTeX Info: Redefining \[ on input line 2923.
LaTeX Info: Redefining \] on input line 2924.
)
(/Users/thiyangashaminitalagala/Library/TinyTeX/texmf-dist/tex/generic/iftex/if
xetex.sty
Package: ifxetex 2019/10/25 v0.7 ifxetex legacy package. Use iftex instead.

(/Users/thiyangashaminitalagala/Library/TinyTeX/texmf-dist/tex/generic/iftex/if
tex.sty
Package: iftex 2020/03/06 v1.0d TeX engine tests
))
(/Users/thiyangashaminitalagala/Library/TinyTeX/texmf-dist/tex/generic/iftex/if
luatex.sty
Package: ifluatex 2019/10/25 v1.5 ifluatex legacy package. Use iftex instead.
)
(/Users/thiyangashaminitalagala/Library/TinyTeX/texmf-dist/tex/latex/base/fixlt
x2e.sty
Package: fixltx2e 2016/12/29 v2.1a fixes to LaTeX (obsolete)
Applying: [2015/01/01] Old fixltx2e package on input line 46.

Package fixltx2e Warning: fixltx2e is not required with releases after 2015
(fixltx2e)                All fixes are now in the LaTeX kernel.
(fixltx2e)                See the latexrelease package for details.

Already applied: [0000/00/00] Old fixltx2e package on input line 53.
)
(/Users/thiyangashaminitalagala/Library/TinyTeX/texmf-dist/tex/latex/base/fonte
nc.sty
Package: fontenc 2020/08/10 v2.0s Standard LaTeX package
LaTeX Font Info:    Trying to load font information for T1+lmr on input line 11
2.

(/Users/thiyangashaminitalagala/Library/TinyTeX/texmf-dist/tex/latex/lm/t1lmr.f
d
File: t1lmr.fd 2009/10/30 v1.6 Font defs for Latin Modern
))
(/Users/thiyangashaminitalagala/Library/TinyTeX/texmf-dist/tex/latex/base/input
enc.sty
Package: inputenc 2020/08/01 v1.3d Input encoding file
\inpenc@prehook=\toks21
\inpenc@posthook=\toks22
)
(/Users/thiyangashaminitalagala/Library/TinyTeX/texmf-dist/tex/latex/upquote/up
quote.sty
Package: upquote 2012/04/19 v1.3 upright-quote and grave-accent glyphs in verba
tim

(/Users/thiyangashaminitalagala/Library/TinyTeX/texmf-dist/tex/latex/base/textc
omp.sty
Package: textcomp 2020/02/02 v2.0n Standard LaTeX package
))
(/Users/thiyangashaminitalagala/Library/TinyTeX/texmf-dist/tex/latex/microtype/
microtype.sty
Package: microtype 2020/12/07 v2.8 Micro-typographical refinements (RS)

(/Users/thiyangashaminitalagala/Library/TinyTeX/texmf-dist/tex/latex/graphics/k
eyval.sty
Package: keyval 2014/10/28 v1.15 key=value parser (DPC)
\KV@toks@=\toks23
)
\MT@toks=\toks24
\MT@count=\count197
LaTeX Info: Redefining \textls on input line 788.
\MT@outer@kern=\dimen148
LaTeX Info: Redefining \textmicrotypecontext on input line 1358.
\MT@listname@count=\count198

(/Users/thiyangashaminitalagala/Library/TinyTeX/texmf-dist/tex/latex/microtype/
microtype-pdftex.def
File: microtype-pdftex.def 2020/12/07 v2.8 Definitions specific to pdftex (RS)
LaTeX Info: Redefining \lsstyle on input line 915.
LaTeX Info: Redefining \lslig on input line 915.
\MT@outer@space=\skip52
)
Package microtype Info: Loading configuration file microtype.cfg.

(/Users/thiyangashaminitalagala/Library/TinyTeX/texmf-dist/tex/latex/microtype/
microtype.cfg
File: microtype.cfg 2020/12/07 v2.8 microtype main configuration file (RS)
))
(/Users/thiyangashaminitalagala/Library/TinyTeX/texmf-dist/tex/latex/hyperref/h
yperref.sty
Package: hyperref 2020-05-15 v7.00e Hypertext links for LaTeX

(/Users/thiyangashaminitalagala/Library/TinyTeX/texmf-dist/tex/generic/ltxcmds/
ltxcmds.sty
Package: ltxcmds 2020-05-10 v1.25 LaTeX kernel commands for general use (HO)
)
(/Users/thiyangashaminitalagala/Library/TinyTeX/texmf-dist/tex/generic/pdftexcm
ds/pdftexcmds.sty
Package: pdftexcmds 2020-06-27 v0.33 Utility functions of pdfTeX for LuaTeX (HO
)

(/Users/thiyangashaminitalagala/Library/TinyTeX/texmf-dist/tex/generic/infwarer
r/infwarerr.sty
Package: infwarerr 2019/12/03 v1.5 Providing info/warning/error messages (HO)
)
Package pdftexcmds Info: \pdf@primitive is available.
Package pdftexcmds Info: \pdf@ifprimitive is available.
Package pdftexcmds Info: \pdfdraftmode found.
)
(/Users/thiyangashaminitalagala/Library/TinyTeX/texmf-dist/tex/generic/kvsetkey
s/kvsetkeys.sty
Package: kvsetkeys 2019/12/15 v1.18 Key value parser (HO)
)
(/Users/thiyangashaminitalagala/Library/TinyTeX/texmf-dist/tex/generic/kvdefine
keys/kvdefinekeys.sty
Package: kvdefinekeys 2019-12-19 v1.6 Define keys (HO)
)
(/Users/thiyangashaminitalagala/Library/TinyTeX/texmf-dist/tex/generic/pdfescap
e/pdfescape.sty
Package: pdfescape 2019/12/09 v1.15 Implements pdfTeX's escape features (HO)
)
(/Users/thiyangashaminitalagala/Library/TinyTeX/texmf-dist/tex/latex/hycolor/hy
color.sty
Package: hycolor 2020-01-27 v1.10 Color options for hyperref/bookmark (HO)
)
(/Users/thiyangashaminitalagala/Library/TinyTeX/texmf-dist/tex/latex/letltxmacr
o/letltxmacro.sty
Package: letltxmacro 2019/12/03 v1.6 Let assignment for LaTeX macros (HO)
)
(/Users/thiyangashaminitalagala/Library/TinyTeX/texmf-dist/tex/latex/auxhook/au
xhook.sty
Package: auxhook 2019-12-17 v1.6 Hooks for auxiliary files (HO)
)
(/Users/thiyangashaminitalagala/Library/TinyTeX/texmf-dist/tex/latex/kvoptions/
kvoptions.sty
Package: kvoptions 2020-10-07 v3.14 Key value format for package options (HO)
)
\@linkdim=\dimen149
\Hy@linkcounter=\count199
\Hy@pagecounter=\count266

(/Users/thiyangashaminitalagala/Library/TinyTeX/texmf-dist/tex/latex/hyperref/p
d1enc.def
File: pd1enc.def 2020-05-15 v7.00e Hyperref: PDFDocEncoding definition (HO)
Now handling font encoding PD1 ...
... no UTF-8 mapping file for font encoding PD1
)
(/Users/thiyangashaminitalagala/Library/TinyTeX/texmf-dist/tex/generic/intcalc/
intcalc.sty
Package: intcalc 2019/12/15 v1.3 Expandable calculations with integers (HO)
)
(/Users/thiyangashaminitalagala/Library/TinyTeX/texmf-dist/tex/generic/etexcmds
/etexcmds.sty
Package: etexcmds 2019/12/15 v1.7 Avoid name clashes with e-TeX commands (HO)
)
\Hy@SavedSpaceFactor=\count267
Package hyperref Info: Option `unicode' set `true' on input line 4338.

(/Users/thiyangashaminitalagala/Library/TinyTeX/texmf-dist/tex/latex/hyperref/p
uenc.def
File: puenc.def 2020-05-15 v7.00e Hyperref: PDF Unicode definition (HO)
Now handling font encoding PU ...
... no UTF-8 mapping file for font encoding PU
)
Package hyperref Info: Hyper figures OFF on input line 4464.
Package hyperref Info: Link nesting OFF on input line 4469.
Package hyperref Info: Hyper index ON on input line 4472.
Package hyperref Info: Plain pages OFF on input line 4479.
Package hyperref Info: Backreferencing OFF on input line 4484.
Package hyperref Info: Implicit mode ON; LaTeX internals redefined.
Package hyperref Info: Bookmarks ON on input line 4717.
\c@Hy@tempcnt=\count268

(/Users/thiyangashaminitalagala/Library/TinyTeX/texmf-dist/tex/latex/url/url.st
y
\Urlmuskip=\muskip17
Package: url 2013/09/16  ver 3.4  Verb mode for urls, etc.
)
LaTeX Info: Redefining \url on input line 5076.
\XeTeXLinkMargin=\dimen150

(/Users/thiyangashaminitalagala/Library/TinyTeX/texmf-dist/tex/generic/bitset/b
itset.sty
Package: bitset 2019/12/09 v1.3 Handle bit-vector datatype (HO)

(/Users/thiyangashaminitalagala/Library/TinyTeX/texmf-dist/tex/generic/bigintca
lc/bigintcalc.sty
Package: bigintcalc 2019/12/15 v1.5 Expandable calculations on big integers (HO
)
))
\Fld@menulength=\count269
\Field@Width=\dimen151
\Fld@charsize=\dimen152
Package hyperref Info: Hyper figures OFF on input line 6347.
Package hyperref Info: Link nesting OFF on input line 6352.
Package hyperref Info: Hyper index ON on input line 6355.
Package hyperref Info: backreferencing OFF on input line 6362.
Package hyperref Info: Link coloring OFF on input line 6367.
Package hyperref Info: Link coloring with OCG OFF on input line 6372.
Package hyperref Info: PDF/A mode OFF on input line 6377.
LaTeX Info: Redefining \ref on input line 6417.
LaTeX Info: Redefining \pageref on input line 6421.

(/Users/thiyangashaminitalagala/Library/TinyTeX/texmf-dist/tex/latex/base/atbeg
shi-ltx.sty
Package: atbegshi-ltx 2020/08/17 v1.0a Emulation of the original atbegshi packa
ge
with kernel methods
)
\Hy@abspage=\count270
\c@Item=\count271
\c@Hfootnote=\count272
)
Package hyperref Info: Driver (autodetected): hpdftex.

(/Users/thiyangashaminitalagala/Library/TinyTeX/texmf-dist/tex/latex/hyperref/h
pdftex.def
File: hpdftex.def 2020-05-15 v7.00e Hyperref driver for pdfTeX

(/Users/thiyangashaminitalagala/Library/TinyTeX/texmf-dist/tex/latex/base/atver
yend-ltx.sty
Package: atveryend-ltx 2020/08/19 v1.0a Emulation of the original atvery packag
e
with kernel methods
)
\Fld@listcount=\count273
\c@bookmark@seq@number=\count274

(/Users/thiyangashaminitalagala/Library/TinyTeX/texmf-dist/tex/latex/rerunfilec
heck/rerunfilecheck.sty
Package: rerunfilecheck 2019/12/05 v1.9 Rerun checks for auxiliary files (HO)

(/Users/thiyangashaminitalagala/Library/TinyTeX/texmf-dist/tex/generic/uniqueco
unter/uniquecounter.sty
Package: uniquecounter 2019/12/15 v1.4 Provide unlimited unique counter (HO)
)
Package uniquecounter Info: New unique counter `rerunfilecheck' on input line 2
86.
)
\Hy@SectionHShift=\skip53
)
Package hyperref Info: Option `breaklinks' set `true' on input line 27.

(/Users/thiyangashaminitalagala/Library/TinyTeX/texmf-dist/tex/latex/geometry/g
eometry.sty
Package: geometry 2020/01/02 v5.9 Page Geometry

(/Users/thiyangashaminitalagala/Library/TinyTeX/texmf-dist/tex/generic/iftex/if
vtex.sty
Package: ifvtex 2019/10/25 v1.7 ifvtex legacy package. Use iftex instead.
)
\Gm@cnth=\count275
\Gm@cntv=\count276
\c@Gm@tempcnt=\count277
\Gm@bindingoffset=\dimen153
\Gm@wd@mp=\dimen154
\Gm@odd@mp=\dimen155
\Gm@even@mp=\dimen156
\Gm@layoutwidth=\dimen157
\Gm@layoutheight=\dimen158
\Gm@layouthoffset=\dimen159
\Gm@layoutvoffset=\dimen160
\Gm@dimlist=\toks25
)
(/Users/thiyangashaminitalagala/Library/TinyTeX/texmf-dist/tex/latex/biblatex/b
iblatex.sty
Package: biblatex 2020/12/31 v3.16 programmable bibliographies (PK/MW)

(/Users/thiyangashaminitalagala/Library/TinyTeX/texmf-dist/tex/latex/etoolbox/e
toolbox.sty
Package: etoolbox 2020/10/05 v2.5k e-TeX tools for LaTeX (JAW)
\etb@tempcnta=\count278
)
(/Users/thiyangashaminitalagala/Library/TinyTeX/texmf-dist/tex/latex/logreq/log
req.sty
Package: logreq 2010/08/04 v1.0 xml request logger
\lrq@indent=\count279

(/Users/thiyangashaminitalagala/Library/TinyTeX/texmf-dist/tex/latex/logreq/log
req.def
File: logreq.def 2010/08/04 v1.0 logreq spec v1.0
))
(/Users/thiyangashaminitalagala/Library/TinyTeX/texmf-dist/tex/latex/base/ifthe
n.sty
Package: ifthen 2014/09/29 v1.1c Standard LaTeX ifthen package (DPC)
)
\c@tabx@nest=\count280
\c@listtotal=\count281
\c@listcount=\count282
\c@liststart=\count283
\c@liststop=\count284
\c@citecount=\count285
\c@citetotal=\count286
\c@multicitecount=\count287
\c@multicitetotal=\count288
\c@instcount=\count289
\c@maxnames=\count290
\c@minnames=\count291
\c@maxitems=\count292
\c@minitems=\count293
\c@citecounter=\count294
\c@maxcitecounter=\count295
\c@savedcitecounter=\count296
\c@uniquelist=\count297
\c@uniquename=\count298
\c@refsection=\count299
\c@refsegment=\count300
\c@maxextratitle=\count301
\c@maxextratitleyear=\count302
\c@maxextraname=\count303
\c@maxextradate=\count304
\c@maxextraalpha=\count305
\c@abbrvpenalty=\count306
\c@highnamepenalty=\count307
\c@lownamepenalty=\count308
\c@maxparens=\count309
\c@parenlevel=\count310
\blx@tempcnta=\count311
\blx@tempcntb=\count312
\blx@tempcntc=\count313
\blx@maxsection=\count314
\blx@maxsegment@0=\count315
\blx@notetype=\count316
\blx@parenlevel@text=\count317
\blx@parenlevel@foot=\count318
\blx@sectionciteorder@0=\count319
\blx@entrysetcounter=\count320
\blx@biblioinstance=\count321
\labelnumberwidth=\skip54
\labelalphawidth=\skip55
\biblabelsep=\skip56
\bibitemsep=\skip57
\bibnamesep=\skip58
\bibinitsep=\skip59
\bibparsep=\skip60
\bibhang=\skip61
\blx@bcfin=\read2
\blx@bcfout=\write3
\blx@langwohyphens=\language5
\c@mincomprange=\count322
\c@maxcomprange=\count323
\c@mincompwidth=\count324
Package biblatex Info: Trying to load biblatex default data model...
Package biblatex Info: ... file 'blx-dm.def' found.

(/Users/thiyangashaminitalagala/Library/TinyTeX/texmf-dist/tex/latex/biblatex/b
lx-dm.def
File: blx-dm.def 2020/12/31 v3.16 biblatex localization (PK/MW)
)
Package biblatex Info: Trying to load biblatex style data model...
Package biblatex Info: ... file 'authoryear-comp.dbx' not found.
Package biblatex Info: Trying to load biblatex custom data model...
Package biblatex Info: ... file 'biblatex-dm.cfg' not found.
\c@afterword=\count325
\c@savedafterword=\count326
\c@annotator=\count327
\c@savedannotator=\count328
\c@author=\count329
\c@savedauthor=\count330
\c@bookauthor=\count331
\c@savedbookauthor=\count332
\c@commentator=\count333
\c@savedcommentator=\count334
\c@editor=\count335
\c@savededitor=\count336
\c@editora=\count337
\c@savededitora=\count338
\c@editorb=\count339
\c@savededitorb=\count340
\c@editorc=\count341
\c@savededitorc=\count342
\c@foreword=\count343
\c@savedforeword=\count344
\c@holder=\count345
\c@savedholder=\count346
\c@introduction=\count347
\c@savedintroduction=\count348
\c@namea=\count349
\c@savednamea=\count350
\c@nameb=\count351
\c@savednameb=\count352
\c@namec=\count353
\c@savednamec=\count354
\c@translator=\count355
\c@savedtranslator=\count356
\c@shortauthor=\count357
\c@savedshortauthor=\count358
\c@shorteditor=\count359
\c@savedshorteditor=\count360
\c@labelname=\count361
\c@savedlabelname=\count362
\c@institution=\count363
\c@savedinstitution=\count364
\c@lista=\count365
\c@savedlista=\count366
\c@listb=\count367
\c@savedlistb=\count368
\c@listc=\count369
\c@savedlistc=\count370
\c@listd=\count371
\c@savedlistd=\count372
\c@liste=\count373
\c@savedliste=\count374
\c@listf=\count375
\c@savedlistf=\count376
\c@location=\count377
\c@savedlocation=\count378
\c@organization=\count379
\c@savedorganization=\count380
\c@origlocation=\count381
\c@savedoriglocation=\count382
\c@origpublisher=\count383
\c@savedorigpublisher=\count384
\c@publisher=\count385
\c@savedpublisher=\count386
\c@language=\count387
\c@savedlanguage=\count388
\c@origlanguage=\count389
\c@savedoriglanguage=\count390
\c@pageref=\count391
\c@savedpageref=\count392
\shorthandwidth=\skip62
\shortjournalwidth=\skip63
\shortserieswidth=\skip64
\shorttitlewidth=\skip65
\shortauthorwidth=\skip66
\shorteditorwidth=\skip67
\locallabelnumberwidth=\skip68
\locallabelalphawidth=\skip69
\localshorthandwidth=\skip70
\localshortjournalwidth=\skip71
\localshortserieswidth=\skip72
\localshorttitlewidth=\skip73
\localshortauthorwidth=\skip74
\localshorteditorwidth=\skip75
Package biblatex Info: Trying to load compatibility code...
Package biblatex Info: ... file 'blx-compat.def' found.

(/Users/thiyangashaminitalagala/Library/TinyTeX/texmf-dist/tex/latex/biblatex/b
lx-compat.def
File: blx-compat.def 2020/12/31 v3.16 biblatex compatibility (PK/MW)
)
Package biblatex Info: Trying to load generic definitions...
Package biblatex Info: ... file 'biblatex.def' found.

(/Users/thiyangashaminitalagala/Library/TinyTeX/texmf-dist/tex/latex/biblatex/b
iblatex.def
File: biblatex.def 2020/12/31 v3.16 biblatex compatibility (PK/MW)
\c@textcitecount=\count393
\c@textcitetotal=\count394
\c@textcitemaxnames=\count395
\c@biburlbigbreakpenalty=\count396
\c@biburlbreakpenalty=\count397
\c@biburlnumpenalty=\count398
\c@biburlucpenalty=\count399
\c@biburllcpenalty=\count400
\biburlbigskip=\muskip18
\biburlnumskip=\muskip19
\biburlucskip=\muskip20
\biburllcskip=\muskip21
\c@smartand=\count401
)
Package biblatex Info: Trying to load bibliography style 'authoryear-comp'...
Package biblatex Info: ... file 'authoryear-comp.bbx' found.

(/Users/thiyangashaminitalagala/Library/TinyTeX/texmf-dist/tex/latex/biblatex/b
bx/authoryear-comp.bbx
File: authoryear-comp.bbx 2020/12/31 v3.16 biblatex bibliography style (PK/MW)
Package biblatex Info: Trying to load bibliography style 'authoryear'...
Package biblatex Info: ... file 'authoryear.bbx' found.

(/Users/thiyangashaminitalagala/Library/TinyTeX/texmf-dist/tex/latex/biblatex/b
bx/authoryear.bbx
File: authoryear.bbx 2020/12/31 v3.16 biblatex bibliography style (PK/MW)
Package biblatex Info: Trying to load bibliography style 'standard'...
Package biblatex Info: ... file 'standard.bbx' found.

(/Users/thiyangashaminitalagala/Library/TinyTeX/texmf-dist/tex/latex/biblatex/b
bx/standard.bbx
File: standard.bbx 2020/12/31 v3.16 biblatex bibliography style (PK/MW)
\c@bbx:relatedcount=\count402
\c@bbx:relatedtotal=\count403
)))
Package biblatex Info: Trying to load citation style 'authoryear-comp'...
Package biblatex Info: ... file 'authoryear-comp.cbx' found.

(/Users/thiyangashaminitalagala/Library/TinyTeX/texmf-dist/tex/latex/biblatex/c
bx/authoryear-comp.cbx
File: authoryear-comp.cbx 2020/12/31 v3.16 biblatex citation style (PK/MW)
Package biblatex Info: Redefining '\cite'.
Package biblatex Info: Redefining '\parencite'.
Package biblatex Info: Redefining '\footcite'.
Package biblatex Info: Redefining '\footcitetext'.
Package biblatex Info: Redefining '\smartcite'.
Package biblatex Info: Redefining '\textcite'.
Package biblatex Info: Redefining '\textcites'.
Package biblatex Info: Redefining '\cites'.
Package biblatex Info: Redefining '\parencites'.
Package biblatex Info: Redefining '\footcites'.
Package biblatex Info: Redefining '\footcitetexts'.
Package biblatex Info: Redefining '\smartcites'.
)
Package biblatex Info: Trying to load configuration file...
Package biblatex Info: ... file 'biblatex.cfg' found.

(/Users/thiyangashaminitalagala/Library/TinyTeX/texmf-dist/tex/latex/biblatex/b
iblatex.cfg
File: biblatex.cfg 
))
(/Users/thiyangashaminitalagala/Library/TinyTeX/texmf-dist/tex/latex/tools/long
table.sty
Package: longtable 2020/01/07 v4.13 Multi-page Table package (DPC)
\LTleft=\skip76
\LTright=\skip77
\LTpre=\skip78
\LTpost=\skip79
\LTchunksize=\count404
\LTcapwidth=\dimen161
\LT@head=\box49
\LT@firsthead=\box50
\LT@foot=\box51
\LT@lastfoot=\box52
\LT@cols=\count405
\LT@rows=\count406
\c@LT@tables=\count407
\c@LT@chunks=\count408
\LT@p@ftn=\toks26
)
(/Users/thiyangashaminitalagala/Library/TinyTeX/texmf-dist/tex/latex/booktabs/b
ooktabs.sty
Package: booktabs 2020/01/12 v1.61803398 Publication quality tables
\heavyrulewidth=\dimen162
\lightrulewidth=\dimen163
\cmidrulewidth=\dimen164
\belowrulesep=\dimen165
\belowbottomsep=\dimen166
\aboverulesep=\dimen167
\abovetopsep=\dimen168
\cmidrulesep=\dimen169
\cmidrulekern=\dimen170
\defaultaddspace=\dimen171
\@cmidla=\count409
\@cmidlb=\count410
\@aboverulesep=\dimen172
\@belowrulesep=\dimen173
\@thisruleclass=\count411
\@lastruleclass=\count412
\@thisrulewidth=\dimen174
)
(/Users/thiyangashaminitalagala/Library/TinyTeX/texmf-dist/tex/latex/graphics/g
raphicx.sty
Package: graphicx 2020/09/09 v1.2b Enhanced LaTeX Graphics (DPC,SPQR)

(/Users/thiyangashaminitalagala/Library/TinyTeX/texmf-dist/tex/latex/graphics/g
raphics.sty
Package: graphics 2020/08/30 v1.4c Standard LaTeX Graphics (DPC,SPQR)

(/Users/thiyangashaminitalagala/Library/TinyTeX/texmf-dist/tex/latex/graphics/t
rig.sty
Package: trig 2016/01/03 v1.10 sin cos tan (DPC)
)
(/Users/thiyangashaminitalagala/Library/TinyTeX/texmf-dist/tex/latex/graphics-c
fg/graphics.cfg
File: graphics.cfg 2016/06/04 v1.11 sample graphics configuration
)
Package graphics Info: Driver file: pdftex.def on input line 105.

(/Users/thiyangashaminitalagala/Library/TinyTeX/texmf-dist/tex/latex/graphics-d
ef/pdftex.def
File: pdftex.def 2020/10/05 v1.2a Graphics/color driver for pdftex
))
\Gin@req@height=\dimen175
\Gin@req@width=\dimen176
)
(/Users/thiyangashaminitalagala/Library/TinyTeX/texmf-dist/tex/latex/grffile/gr
ffile.sty
Package: grffile 2019/11/11 v2.1 Extended file name support for graphics (legac
y)
Package grffile Info: This package is an empty stub for compatibility on input 
line 40.
)
(/Users/thiyangashaminitalagala/Library/TinyTeX/texmf-dist/tex/latex/caption/ca
ption.sty
Package: caption 2020/10/26 v3.5g Customizing captions (AR)

(/Users/thiyangashaminitalagala/Library/TinyTeX/texmf-dist/tex/latex/caption/ca
ption3.sty
Package: caption3 2020/10/21 v2.2e caption3 kernel (AR)
\captionmargin=\dimen177
\captionmargin@=\dimen178
\captionwidth=\dimen179
\caption@tempdima=\dimen180
\caption@indent=\dimen181
\caption@parindent=\dimen182
\caption@hangindent=\dimen183
Package caption Info: Standard document class detected.
)
\c@caption@flags=\count413
\c@continuedfloat=\count414
Package caption Info: hyperref package is loaded.
Package caption Info: longtable package is loaded.

(/Users/thiyangashaminitalagala/Library/TinyTeX/texmf-dist/tex/latex/caption/lt
caption.sty
Package: ltcaption 2020/05/30 v1.4b longtable captions (AR)
))
(/Users/thiyangashaminitalagala/Library/TinyTeX/texmf-dist/tex/latex/bera/bera.
sty
Package: bera 2004/01/31 (WaS)

(/Users/thiyangashaminitalagala/Library/TinyTeX/texmf-dist/tex/latex/base/fonte
nc.sty
Package: fontenc 2020/08/10 v2.0s Standard LaTeX package
)
(/Users/thiyangashaminitalagala/Library/TinyTeX/texmf-dist/tex/latex/bera/beras
erif.sty
Package: beraserif 2004/01/30 (WaS)
LaTeX Font Info:    Trying to load font information for T1+fve on input line 30
.

(/Users/thiyangashaminitalagala/Library/TinyTeX/texmf-dist/tex/latex/bera/t1fve
.fd
File: t1fve.fd 2004/09/07 scalable font definitions for T1/fve.
)
LaTeX Font Info:    Font shape `T1/fve/m/n' will be
(Font)              scaled to size 9.85492pt on input line 30.
)
(/Users/thiyangashaminitalagala/Library/TinyTeX/texmf-dist/tex/latex/bera/beras
ans.sty
Package: berasans 2004/01/30 (WaS)
)
(/Users/thiyangashaminitalagala/Library/TinyTeX/texmf-dist/tex/latex/bera/beram
ono.sty
Package: beramono 2004/01/31 (WaS)
))
(/Users/thiyangashaminitalagala/Library/TinyTeX/texmf-dist/tex/latex/psnfss/mat
hpazo.sty
Package: mathpazo 2020/03/25 PSNFSS-v9.3 Palatino w/ Pazo Math (D.Puga, WaS) 
\symupright=\mathgroup6
)
(/Users/thiyangashaminitalagala/Library/TinyTeX/texmf-dist/tex/latex/fancyhdr/f
ancyhdr.sty
Package: fancyhdr 2021/01/04 v4.0 Extensive control of page headers and footers

\f@nch@headwidth=\skip80
\f@nch@O@elh=\skip81
\f@nch@O@erh=\skip82
\f@nch@O@olh=\skip83
\f@nch@O@orh=\skip84
\f@nch@O@elf=\skip85
\f@nch@O@erf=\skip86
\f@nch@O@olf=\skip87
\f@nch@O@orf=\skip88
)
(/Users/thiyangashaminitalagala/Library/TinyTeX/texmf-dist/tex/latex/tools/bm.s
ty
Package: bm 2019/07/24 v1.2d Bold Symbol Support (DPC/FMi)
\symboldoperators=\mathgroup7
\symboldletters=\mathgroup8
\symboldsymbols=\mathgroup9
\symboldupright=\mathgroup10
LaTeX Font Info:    Redeclaring math alphabet \mathbf on input line 141.
LaTeX Info: Redefining \bm on input line 209.
)
(/Users/thiyangashaminitalagala/Library/TinyTeX/texmf-dist/tex/latex/titlesec/t
itlesec.sty
Package: titlesec 2019/10/16 v2.13 Sectioning titles
\ttl@box=\box53
\beforetitleunit=\skip89
\aftertitleunit=\skip90
\ttl@plus=\dimen184
\ttl@minus=\dimen185
\ttl@toksa=\toks27
\titlewidth=\dimen186
\titlewidthlast=\dimen187
\titlewidthfirst=\dimen188
)
(/Users/thiyangashaminitalagala/Library/TinyTeX/texmf-dist/tex/latex/setspace/s
etspace.sty
Package: setspace 2011/12/19 v6.7a set line spacing
)
(/Users/thiyangashaminitalagala/Library/TinyTeX/texmf-dist/tex/latex/xcolor/xco
lor.sty
Package: xcolor 2016/05/11 v2.12 LaTeX color extensions (UK)

(/Users/thiyangashaminitalagala/Library/TinyTeX/texmf-dist/tex/latex/graphics-c
fg/color.cfg
File: color.cfg 2016/01/02 v1.6 sample color configuration
)
Package xcolor Info: Driver file: pdftex.def on input line 225.
Package xcolor Info: Model `cmy' substituted by `cmy0' on input line 1348.
Package xcolor Info: Model `hsb' substituted by `rgb' on input line 1352.
Package xcolor Info: Model `RGB' extended on input line 1364.
Package xcolor Info: Model `HTML' substituted by `rgb' on input line 1366.
Package xcolor Info: Model `Hsb' substituted by `hsb' on input line 1367.
Package xcolor Info: Model `tHsb' substituted by `hsb' on input line 1368.
Package xcolor Info: Model `HSB' substituted by `hsb' on input line 1369.
Package xcolor Info: Model `Gray' substituted by `gray' on input line 1370.
Package xcolor Info: Model `wave' substituted by `hsb' on input line 1371.
)
Package hyperref Info: Option `breaklinks' set `true' on input line 216.
Package hyperref Info: Option `bookmarksopen' set `true' on input line 216.
Package hyperref Info: Option `bookmarksnumbered' set `true' on input line 216.

Package hyperref Info: Option `colorlinks' set `true' on input line 216.

(/Users/thiyangashaminitalagala/Library/TinyTeX/texmf-dist/tex/latex/base/fonte
nc.sty
Package: fontenc 2020/08/10 v2.0s Standard LaTeX package
LaTeX Font Info:    Trying to load font information for T1+ppl on input line 11
2.

(/Users/thiyangashaminitalagala/Library/TinyTeX/texmf-dist/tex/latex/psnfss/t1p
pl.fd
File: t1ppl.fd 2001/06/04 font definitions for T1/ppl.
))
(/Users/thiyangashaminitalagala/Library/TinyTeX/texmf-dist/tex/latex/mathtools/
mathtools.sty
Package: mathtools 2020/03/24 v1.24 mathematical typesetting tools

(/Users/thiyangashaminitalagala/Library/TinyTeX/texmf-dist/tex/latex/tools/calc
.sty
Package: calc 2017/05/25 v4.3 Infix arithmetic (KKT,FJ)
\calc@Acount=\count415
\calc@Bcount=\count416
\calc@Adimen=\dimen189
\calc@Bdimen=\dimen190
\calc@Askip=\skip91
\calc@Bskip=\skip92
LaTeX Info: Redefining \setlength on input line 80.
LaTeX Info: Redefining \addtolength on input line 81.
\calc@Ccount=\count417
\calc@Cskip=\skip93
)
(/Users/thiyangashaminitalagala/Library/TinyTeX/texmf-dist/tex/latex/mathtools/
mhsetup.sty
Package: mhsetup 2017/03/31 v1.3 programming setup (MH)
)
LaTeX Info: Thecontrolsequence`\('isalreadyrobust on input line 130.
LaTeX Info: Thecontrolsequence`\)'isalreadyrobust on input line 130.
LaTeX Info: Thecontrolsequence`\['isalreadyrobust on input line 130.
LaTeX Info: Thecontrolsequence`\]'isalreadyrobust on input line 130.
\g_MT_multlinerow_int=\count418
\l_MT_multwidth_dim=\dimen191
\origjot=\skip94
\l_MT_shortvdotswithinadjustabove_dim=\dimen192
\l_MT_shortvdotswithinadjustbelow_dim=\dimen193
\l_MT_above_intertext_sep=\dimen194
\l_MT_below_intertext_sep=\dimen195
\l_MT_above_shortintertext_sep=\dimen196
\l_MT_below_shortintertext_sep=\dimen197
\xmathstrut@box=\box54
\xmathstrut@dim=\dimen198
)
(/Users/thiyangashaminitalagala/Library/TinyTeX/texmf-dist/tex/latex/eukdate/eu
kdate.sty
Package: eukdate 2009/03/18 v1.04 UK format date (Hart's Rules) with weekday
\c@euk@date=\count419
\c@euk@month=\count420
\c@euk@century=\count421
\c@euk@year=\count422
)
(/Users/thiyangashaminitalagala/Library/TinyTeX/texmf-dist/tex/latex/xpatch/xpa
tch.sty
(/Users/thiyangashaminitalagala/Library/TinyTeX/texmf-dist/tex/latex/l3kernel/e
xpl3.sty
Package: expl3 2021-01-09 L3 programming layer (loader) 

(/Users/thiyangashaminitalagala/Library/TinyTeX/texmf-dist/tex/latex/l3backend/
l3backend-pdftex.def
File: l3backend-pdftex.def 2021-01-09 L3 backend support: PDF output (pdfTeX)
\l__kernel_color_stack_int=\count423
\l__pdf_internal_box=\box55
))
Package: xpatch 2020/03/25 v0.3a Extending etoolbox patching commands

(/Users/thiyangashaminitalagala/Library/TinyTeX/texmf-dist/tex/latex/l3packages
/xparse/xparse.sty
Package: xparse 2020-10-27 L3 Experimental document command parser

(/Users/thiyangashaminitalagala/Library/TinyTeX/texmf-dist/tex/latex/l3packages
/xparse/xparse-generic.tex)))
(/Users/thiyangashaminitalagala/Library/TinyTeX/texmf-dist/tex/latex/textpos/te
xtpos.sty
Package: textpos 2020/09/26 v1.10
Package: textpos 2020/09/26 1.10, absolute positioning of text on the page
Package textpos Info: choosing support for LaTeX3 on input line 61.
\TP@textbox=\box56
\TP@holdbox=\box57
\TPHorizModule=\dimen199
\TPVertModule=\dimen256
\TP@margin=\dimen257
\TP@absmargin=\dimen258
Grid set 16 x 16 = 37.34424pt x 52.81541pt
\TPboxrulesize=\dimen259
\TP@ox=\dimen260
\TP@oy=\dimen261
\TP@tbargs=\toks28
TextBlockOrigin set to 0pt x 0pt
)
\@quotelevel=\count424
\@quotereset=\count425
(./MedicinalPlantPaper.aux)
\openout1 = `MedicinalPlantPaper.aux'.

LaTeX Font Info:    Checking defaults for OML/cmm/m/it on input line 293.
LaTeX Font Info:    ... okay on input line 293.
LaTeX Font Info:    Checking defaults for OMS/cmsy/m/n on input line 293.
LaTeX Font Info:    ... okay on input line 293.
LaTeX Font Info:    Checking defaults for OT1/cmr/m/n on input line 293.
LaTeX Font Info:    ... okay on input line 293.
LaTeX Font Info:    Checking defaults for T1/cmr/m/n on input line 293.
LaTeX Font Info:    ... okay on input line 293.
LaTeX Font Info:    Checking defaults for TS1/cmr/m/n on input line 293.
LaTeX Font Info:    ... okay on input line 293.
LaTeX Font Info:    Checking defaults for OMX/cmex/m/n on input line 293.
LaTeX Font Info:    ... okay on input line 293.
LaTeX Font Info:    Checking defaults for U/cmr/m/n on input line 293.
LaTeX Font Info:    ... okay on input line 293.
LaTeX Font Info:    Checking defaults for PD1/pdf/m/n on input line 293.
LaTeX Font Info:    ... okay on input line 293.
LaTeX Font Info:    Checking defaults for PU/pdf/m/n on input line 293.
LaTeX Font Info:    ... okay on input line 293.
LaTeX Info: Redefining \microtypecontext on input line 293.
Package microtype Info: Generating PDF output.
Package microtype Info: Character protrusion enabled (level 2).
Package microtype Info: Using protrusion set `basicmath'.
Package microtype Info: Automatic font expansion enabled (level 2),
(microtype)             stretch: 20, shrink: 20, step: 1, non-selected.
Package microtype Info: Using default expansion set `alltext-nott'.
LaTeX Info: Redefining \showhyphens on input line 293.
Package microtype Info: No adjustment of tracking.
Package microtype Info: No adjustment of interword spacing.
Package microtype Info: No adjustment of character kerning.

(/Users/thiyangashaminitalagala/Library/TinyTeX/texmf-dist/tex/latex/microtype/
mt-ppl.cfg
File: mt-ppl.cfg 2005/11/16 v1.6 microtype config. file: Palatino (RS)
)
Package hyperref Info: Link coloring ON on input line 293.

(/Users/thiyangashaminitalagala/Library/TinyTeX/texmf-dist/tex/latex/hyperref/n
ameref.sty
Package: nameref 2019/09/16 v2.46 Cross-referencing by name of section

(/Users/thiyangashaminitalagala/Library/TinyTeX/texmf-dist/tex/latex/refcount/r
efcount.sty
Package: refcount 2019/12/15 v3.6 Data extraction from label references (HO)
)
(/Users/thiyangashaminitalagala/Library/TinyTeX/texmf-dist/tex/generic/gettitle
string/gettitlestring.sty
Package: gettitlestring 2019/12/15 v1.6 Cleanup title references (HO)
)
\c@section@level=\count426
)
LaTeX Info: Redefining \ref on input line 293.
LaTeX Info: Redefining \pageref on input line 293.
LaTeX Info: Redefining \nameref on input line 293.
(./MedicinalPlantPaper.out) (./MedicinalPlantPaper.out)
\@outlinefile=\write4
\openout4 = `MedicinalPlantPaper.out'.

*geometry* driver: auto-detecting
*geometry* detected driver: pdftex
*geometry* verbose mode - [ preamble ] result:
* driver: pdftex
* paper: a4paper
* layout: <same size as paper>
* layoutoffset:(h,v)=(0.0pt,0.0pt)
* modes: 
* h-part:(L,W,R)=(71.13188pt, 455.24411pt, 71.13188pt)
* v-part:(T,H,B)=(71.13188pt, 702.78308pt, 71.13188pt)
* \paperwidth=597.50787pt
* \paperheight=845.04684pt
* \textwidth=455.24411pt
* \textheight=702.78308pt
* \oddsidemargin=-1.1381pt
* \evensidemargin=-1.1381pt
* \topmargin=-38.1381pt
* \headheight=15.0pt
* \headsep=25.0pt
* \topskip=11.0pt
* \footskip=30.0pt
* \marginparwidth=50.0pt
* \marginparsep=10.0pt
* \columnsep=10.0pt
* \skip\footins=10.0pt plus 4.0pt minus 2.0pt
* \hoffset=0.0pt
* \voffset=0.0pt
* \mag=1000
* \@twocolumnfalse
* \@twosidefalse
* \@mparswitchfalse
* \@reversemarginfalse
* (1in=72.27pt=25.4mm, 1cm=28.453pt)

Package biblatex Info: Trying to load language 'english'...
Package biblatex Info: ... file 'english.lbx' found.

(/Users/thiyangashaminitalagala/Library/TinyTeX/texmf-dist/tex/latex/biblatex/l
bx/english.lbx
File: english.lbx 2020/12/31 v3.16 biblatex localization (PK/MW)
)
Package biblatex Info: Input encoding 'utf8' detected.
Package biblatex Info: Data encoding 'utf8' specified.
(biblatex)             No need to reencode data.
Package biblatex Info: Document encoding is UTF8 ....
Package biblatex Info: ... and expl3
(biblatex)             2021-01-09 L3 programming layer (loader) 
(biblatex)             is new enough (at least 2020/04/06),
(biblatex)             setting 'casechanger=expl3'.

(/Users/thiyangashaminitalagala/Library/TinyTeX/texmf-dist/tex/latex/biblatex/b
lx-case-expl3.sty
Package: blx-case-expl3 2020/12/31 v3.16 expl3 case changing code for biblatex
)
\openout3 = `MedicinalPlantPaper.bcf'.

Package biblatex Info: Trying to load bibliographic data...
Package biblatex Info: ... file 'MedicinalPlantPaper.bbl' found.
(./MedicinalPlantPaper.bbl)
Package biblatex Info: Reference section=0 on input line 293.
Package biblatex Info: Reference segment=0 on input line 293.

(/Users/thiyangashaminitalagala/Library/TinyTeX/texmf-dist/tex/latex/epstopdf-p
kg/epstopdf-base.sty
Package: epstopdf-base 2020-01-24 v2.11 Base part for package epstopdf
Package epstopdf-base Info: Redefining graphics rule for `.eps' on input line 4
85.

(/Users/thiyangashaminitalagala/Library/TinyTeX/texmf-dist/tex/latex/latexconfi
g/epstopdf-sys.cfg
File: epstopdf-sys.cfg 2010/07/13 v1.3 Configuration of (r)epstopdf for TeX Liv
e
))
Package caption Info: Begin \AtBeginDocument code.
Package caption Info: End \AtBeginDocument code.
LaTeX Font Info:    Trying to load font information for T1+fvs on input line 29
4.

(/Users/thiyangashaminitalagala/Library/TinyTeX/texmf-dist/tex/latex/bera/t1fvs
.fd
File: t1fvs.fd 2004/09/07 scalable font definitions for T1/fvs.
)
LaTeX Font Info:    Font shape `T1/fvs/m/n' will be
(Font)              scaled to size 9.85492pt on input line 294.
Package microtype Info: Loading generic protrusion settings for font family
(microtype)             `fvs' (encoding: T1).
(microtype)             For optimal results, create family-specific settings.
(microtype)             See the microtype manual for details.
LaTeX Font Info:    Font shape `T1/fvs/m/n' will be
(Font)              scaled to size 22.39185pt on input line 294.
LaTeX Font Info:    Font shape `T1/fvs/b/n' will be
(Font)              scaled to size 22.39185pt on input line 294.
LaTeX Font Info:    Font shape `T1/fvs/m/n' will be
(Font)              scaled to size 10.79993pt on input line 294.
LaTeX Font Info:    Font shape `T1/fvs/b/n' will be
(Font)              scaled to size 10.79993pt on input line 294.
LaTeX Font Info:    Trying to load font information for OT1+ppl on input line 2
94.

(/Users/thiyangashaminitalagala/Library/TinyTeX/texmf-dist/tex/latex/psnfss/ot1
ppl.fd
File: ot1ppl.fd 2001/06/04 font definitions for OT1/ppl.
)
LaTeX Font Info:    Trying to load font information for OML+zplm on input line 
294.

(/Users/thiyangashaminitalagala/Library/TinyTeX/texmf-dist/tex/latex/psnfss/oml
zplm.fd
File: omlzplm.fd 2002/09/08 Fontinst v1.914 font definitions for OML/zplm.
)
LaTeX Font Info:    Trying to load font information for OMS+zplm on input line 
294.

(/Users/thiyangashaminitalagala/Library/TinyTeX/texmf-dist/tex/latex/psnfss/oms
zplm.fd
File: omszplm.fd 2002/09/08 Fontinst v1.914 font definitions for OMS/zplm.
)
LaTeX Font Info:    Trying to load font information for OMX+zplm on input line 
294.

(/Users/thiyangashaminitalagala/Library/TinyTeX/texmf-dist/tex/latex/psnfss/omx
zplm.fd
File: omxzplm.fd 2002/09/08 Fontinst v1.914 font definitions for OMX/zplm.
)
LaTeX Font Info:    Font shape `U/msa/m/n' will be
(Font)              scaled to size 12.50409pt on input line 294.

(/Users/thiyangashaminitalagala/Library/TinyTeX/texmf-dist/tex/latex/microtype/
mt-msa.cfg
File: mt-msa.cfg 2006/02/04 v1.1 microtype config. file: AMS symbols (a) (RS)
)
LaTeX Font Info:    Font shape `U/msa/m/n' will be
(Font)              scaled to size 9.37807pt on input line 294.
LaTeX Font Info:    Font shape `U/msa/m/n' will be
(Font)              scaled to size 7.29405pt on input line 294.
LaTeX Font Info:    Font shape `U/msb/m/n' will be
(Font)              scaled to size 12.50409pt on input line 294.

(/Users/thiyangashaminitalagala/Library/TinyTeX/texmf-dist/tex/latex/microtype/
mt-msb.cfg
File: mt-msb.cfg 2005/06/01 v1.0 microtype config. file: AMS symbols (b) (RS)
)
LaTeX Font Info:    Font shape `U/msb/m/n' will be
(Font)              scaled to size 9.37807pt on input line 294.
LaTeX Font Info:    Font shape `U/msb/m/n' will be
(Font)              scaled to size 7.29405pt on input line 294.
LaTeX Font Info:    Trying to load font information for OT1+zplm on input line 
294.

(/Users/thiyangashaminitalagala/Library/TinyTeX/texmf-dist/tex/latex/psnfss/ot1
zplm.fd
File: ot1zplm.fd 2002/09/08 Fontinst v1.914 font definitions for OT1/zplm.
)
Underfull \hbox (badness 10000) in paragraph at lines 294--294

 []

LaTeX Font Info:    Font shape `U/msa/m/n' will be
(Font)              scaled to size 11.40997pt on input line 294.
LaTeX Font Info:    Font shape `U/msa/m/n' will be
(Font)              scaled to size 8.33606pt on input line 294.
LaTeX Font Info:    Font shape `U/msa/m/n' will be
(Font)              scaled to size 6.25204pt on input line 294.
LaTeX Font Info:    Font shape `U/msb/m/n' will be
(Font)              scaled to size 11.40997pt on input line 294.
LaTeX Font Info:    Font shape `U/msb/m/n' will be
(Font)              scaled to size 8.33606pt on input line 294.
LaTeX Font Info:    Font shape `U/msb/m/n' will be
(Font)              scaled to size 6.25204pt on input line 294.
[1

{/Users/thiyangashaminitalagala/Library/TinyTeX/texmf-var/fonts/map/pdftex/updm
ap/pdftex.map}]
LaTeX Font Info:    Font shape `T1/fvs/b/n' will be
(Font)              scaled to size 9.85492pt on input line 295.
LaTeX Font Info:    Font shape `T1/fvs/b/n' will be
(Font)              scaled to size 13.49991pt on input line 303.
<MedicinalPlantPaper_files/figure-latex/histogram-1.pdf, id=18, 578.16pt x 361.
35pt>
File: MedicinalPlantPaper_files/figure-latex/histogram-1.pdf Graphic file (type
 pdf)
<use MedicinalPlantPaper_files/figure-latex/histogram-1.pdf>
Package pdftex.def Info: MedicinalPlantPaper_files/figure-latex/histogram-1.pdf
  used on input line 309.
(pdftex.def)             Requested size: 455.24165pt x 284.52603pt.
[2 <./MedicinalPlantPaper_files/figure-latex/histogram-1.pdf>]

Package caption Warning: Unused \captionsetup[table] on input line 71.
See the caption package documentation for explanation.

LaTeX Font Info:    Font shape `T1/fvs/m/n' will be
(Font)              scaled to size 12.9599pt on input line 319.
LaTeX Font Info:    Font shape `T1/fvs/b/n' will be
(Font)              scaled to size 12.9599pt on input line 319.
[3] (./MedicinalPlantPaper.aux)

LaTeX Warning: There were undefined references.

Package rerunfilecheck Info: File `MedicinalPlantPaper.out' has not changed.
(rerunfilecheck)             Checksum: 3477AB780B430B20874CFF88F35FC81B;115.

Package biblatex Warning: Please rerun LaTeX.
(biblatex)                Page breaks have changed.

Package logreq Info: Writing requests to 'MedicinalPlantPaper.run.xml'.
\openout1 = `MedicinalPlantPaper.run.xml'.

 )
(\end occurred inside a group at level 1)

### semi simple group (level 1) entered at line 187 (\begingroup)
### bottom level 
Here is how much of TeX's memory you used:
 22506 strings out of 481265
 382005 string characters out of 5913755
 1130432 words of memory out of 5000000
 38905 multiletter control sequences out of 15000+600000
 488584 words of font info for 217 fonts, out of 8000000 for 9000
 14 hyphenation exceptions out of 8191
 71i,11n,75p,752b,4866s stack positions out of 5000i,500n,10000p,200000b,80000s
{/Users/thiyangashaminitalagala/Library/TinyTeX/texmf-dist/font
s/enc/dvips/base/8r.enc}</Users/thiyangashaminitalagala/Library/TinyTeX/texmf-d
ist/fonts/type1/public/amsfonts/cm/cmr10.pfb></Users/thiyangashaminitalagala/Li
brary/TinyTeX/texmf-dist/fonts/type1/public/amsfonts/cm/cmsy10.pfb></Users/thiy
angashaminitalagala/Library/TinyTeX/texmf-dist/fonts/type1/public/mathpazo/fplm
r.pfb></Users/thiyangashaminitalagala/Library/TinyTeX/texmf-dist/fonts/type1/pu
blic/bera/fvsb8a.pfb></Users/thiyangashaminitalagala/Library/TinyTeX/texmf-dist
/fonts/type1/public/bera/fvsr8a.pfb></Users/thiyangashaminitalagala/Library/Tin
yTeX/texmf-dist/fonts/type1/urw/palatino/uplb8a.pfb></Users/thiyangashaminitala
gala/Library/TinyTeX/texmf-dist/fonts/type1/urw/palatino/uplr8a.pfb></Users/thi
yangashaminitalagala/Library/TinyTeX/texmf-dist/fonts/type1/urw/palatino/uplri8
a.pfb>
Output written on MedicinalPlantPaper.pdf (3 pages, 78333 bytes).
PDF statistics:
 74 PDF objects out of 1000 (max. 8388607)
 58 compressed objects within 1 object stream
 8 named destinations out of 1000 (max. 500000)
 75790 words of extra memory for PDF output out of 89155 (max. 10000000)

